{"logTime": "0928/084443", "correlationVector":"ssrO9wtos9vmEHoDO8NJuA.0","action":"FeedSettingFetch_homeCloud", "result":"0", "context":{}}
{"logTime": "0928/084444", "correlationVector":"h/exeK1H/SGCctcBWJ+mD7.1","action":"SyncServerConnectionManagerRequest", "result":"SYNC_SERVER_OK", "context":{"environment":"Prod_NorthEurope_000h", "migrationStage":"NotStarted", "server":"GENERAL0100000L"}}
{"logTime": "0928/084444", "correlationVector":"h/exeK1H/SGCctcBWJ+mD7","action":"Initial GetUpdates", "result":"", "context":Reason: NEW_CLIENT. cV=h/exeK1H/SGCctcBWJ+mD7}
{"logTime": "0928/084444", "correlationVector":"h/exeK1H/SGCctcBWJ+mD7.2","action":"GetUpdates Response", "result":"SYNCER_OK", "context":Received 1 update(s). cV=h/exeK1H/SGCctcBWJ+mD7.0;server=GENERAL0100000L;cloudType=Consumer;environment=Prod_NorthEurope_000h;migrationStage=NotStarted}
{"logTime": "0928/084447", "correlationVector":"E+kBA+nbnZxj41aU/PqaLh","action":"SyncServerConnectionManagerRequest", "result":"SYNC_SERVER_OK", "context":{"environment":"", "migrationStage":"", "server":""}}
{"logTime": "0928/084447", "correlationVector":"J9Hi5Vk3+ZgWIgo9Obu0kg","action":"Initial GetUpdates", "result":"", "context":Reason: NEW_CLIENT. cV=J9Hi5Vk3+ZgWIgo9Obu0kg}
{"logTime": "0928/084447", "correlationVector":"J9Hi5Vk3+ZgWIgo9Obu0kg.1","action":"SyncServerConnectionManagerRequest", "result":"SYNC_SERVER_OK", "context":{"environment":"Prod_NorthEurope_000h", "migrationStage":"NotStarted", "server":"GENERAL0100000B"}}
{"logTime": "0928/084447", "correlationVector":"J9Hi5Vk3+ZgWIgo9Obu0kg.2","action":"GetUpdates Response", "result":"SYNCER_OK", "context":Received 1 update(s). cV=J9Hi5Vk3+ZgWIgo9Obu0kg.0;server=GENERAL0100000B;cloudType=Consumer;environment=Prod_NorthEurope_000h;migrationStage=NotStarted}
{"logTime": "0928/084447", "correlationVector":"YB+qcdAcjWyGfJBaTSz2Nm","action":"Normal GetUpdate request", "result":"", "context":cV=YB+qcdAcjWyGfJBaTSz2Nm
Nudged types: Device Info, User Consents
Refresh requested types: Device Info, User Consents, Send Tab To Self, Encryption Keys}
{"logTime": "0928/084448", "correlationVector":"YB+qcdAcjWyGfJBaTSz2Nm.1","action":"SyncServerConnectionManagerRequest", "result":"SYNC_SERVER_OK", "context":{"environment":"Prod_WestEurope_000l", "migrationStage":"NotStarted", "server":"general0100000U"}}
{"logTime": "0928/084448", "correlationVector":"YB+qcdAcjWyGfJBaTSz2Nm.2","action":"GetUpdates Response", "result":"SYNCER_OK", "context":Received 0 update(s). cV=YB+qcdAcjWyGfJBaTSz2Nm.0;server=general0100000U;cloudType=Consumer;environment=Prod_WestEurope_000l;migrationStage=NotStarted}
{"logTime": "0928/084448", "correlationVector":"UFcOrXBQBxAPypOrBKb2kS","action":"Commit Request", "result":"", "context":Item count: 1
Contributing types: Device Info}
{"logTime": "0928/084448", "correlationVector":"UFcOrXBQBxAPypOrBKb2kS.1","action":"SyncServerConnectionManagerRequest", "result":"SYNC_SERVER_OK", "context":{"environment":"Prod_NorthEurope_000h", "migrationStage":"NotStarted", "server":"GENERAL0100000B"}}
{"logTime": "0928/084448", "correlationVector":"UFcOrXBQBxAPypOrBKb2kS.2","action":"Commit Response", "result":"SYNCER_OK", "context":Result: SYNCER_OK. cV=UFcOrXBQBxAPypOrBKb2kS.0;server=GENERAL0100000B;cloudType=Consumer;environment=Prod_NorthEurope_000h;migrationStage=NotStarted}
{"logTime": "0928/084448", "correlationVector":"KcO+ud/Ni3cMAd1/FCfu78","action":"Commit Request", "result":"", "context":Item count: 2
Contributing types: User Consents}
{"logTime": "0928/084449", "correlationVector":"KcO+ud/Ni3cMAd1/FCfu78.1","action":"SyncServerConnectionManagerRequest", "result":"SYNC_SERVER_OK", "context":{"environment":"Prod_NorthEurope_000h", "migrationStage":"NotStarted", "server":"GENERAL01000008"}}
{"logTime": "0928/084449", "correlationVector":"KcO+ud/Ni3cMAd1/FCfu78.2","action":"Commit Response", "result":"SYNCER_OK", "context":Result: SYNCER_OK. cV=KcO+ud/Ni3cMAd1/FCfu78.0;server=GENERAL01000008;cloudType=Consumer;environment=Prod_NorthEurope_000h;migrationStage=NotStarted}
