Flutter crash report.
Please report a bug at https://github.com/flutter/flutter/issues.

## command

flutter run

## exception

RPCError: _flutter.renderFrameWithRasterStats: (-32000) Raster status not supported on Impeller backend.

```
#0      new _OutstandingRequest (package:vm_service/src/vm_service.dart:1930:45)
#1      VmService._call (package:vm_service/src/vm_service.dart:2499:21)
#2      VmService.callServiceExtension (package:vm_service/src/vm_service.dart:2470:14)
#3      VmService.callMethod (package:vm_service/src/vm_service.dart:2452:12)
#4      FlutterVmService.callMethodWrapper (package:flutter_tools/src/vmservice.dart:501:28)
#5      FlutterVmService.renderFrameWithRasterStats (package:flutter_tools/src/vmservice.dart:601:49)
#6      ResidentHandlers.debugFrameJankMetrics (package:flutter_tools/src/resident_runner.dart:727:35)
<asynchronous suspension>
#7      TerminalHandler.processTerminalInput (package:flutter_tools/src/resident_runner.dart:1830:7)
<asynchronous suspension>
```

## flutter doctor

```
[32m[✓][39m Flutter (Channel stable, 3.16.1, on macOS 14.3.1 23D60 darwin-arm64, locale fr-FR)
    [32m•[39m Flutter version 3.16.1 on channel stable at /Users/taniaolivia/Desktop/LP3/TechWeb/development/flutter
    [32m•[39m Upstream repository https://github.com/flutter/flutter.git
    [32m•[39m Framework revision 7f20e5d18c (5 months ago), 2023-11-27 09:47:30 -0800
    [32m•[39m Engine revision 22b600f240
    [32m•[39m Dart version 3.2.1
    [32m•[39m DevTools version 2.28.3

[32m[✓][39m Android toolchain - develop for Android devices (Android SDK version 34.0.0-rc3)
    [32m•[39m Android SDK at /Users/taniaolivia/Library/Android/sdk
    [32m•[39m Platform android-34, build-tools 34.0.0-rc3
    [32m•[39m Java binary at: /Applications/Android Studio.app/Contents/jbr/Contents/Home/bin/java
    [32m•[39m Java version OpenJDK Runtime Environment (build 17.0.6+0-17.0.6b802.4-9586694)
    [32m•[39m All Android licenses accepted.

[32m[✓][39m Xcode - develop for iOS and macOS (Xcode 15.2)
    [32m•[39m Xcode at /Applications/Xcode.app/Contents/Developer
    [32m•[39m Build 15C500b
    [32m•[39m CocoaPods version 1.15.2

[32m[✓][39m Chrome - develop for the web
    [32m•[39m Chrome at /Applications/Google Chrome.app/Contents/MacOS/Google Chrome

[32m[✓][39m Android Studio (version 2022.2)
    [32m•[39m Android Studio at /Applications/Android Studio.app/Contents
    [32m•[39m Flutter plugin can be installed from:
      🔨 https://plugins.jetbrains.com/plugin/9212-flutter
    [32m•[39m Dart plugin can be installed from:
      🔨 https://plugins.jetbrains.com/plugin/6351-dart
    [32m•[39m Java version OpenJDK Runtime Environment (build 17.0.6+0-17.0.6b802.4-9586694)

[32m[✓][39m IntelliJ IDEA Ultimate Edition (version 2022.3.2)
    [32m•[39m IntelliJ at /Applications/IntelliJ IDEA.app
    [32m•[39m Flutter plugin can be installed from:
      🔨 https://plugins.jetbrains.com/plugin/9212-flutter
    [32m•[39m Dart plugin can be installed from:
      🔨 https://plugins.jetbrains.com/plugin/6351-dart

[32m[✓][39m VS Code (version 1.88.0)
    [32m•[39m VS Code at /Applications/Visual Studio Code.app/Contents
    [32m•[39m Flutter extension version 3.86.0

[32m[✓][39m Connected device (4 available)
    [32m•[39m Tania’s iPhone (mobile) • 00008130-00166D2C2E90001C            • ios            • iOS 17.3.1 21D61
    [32m•[39m iPhone 15 (mobile)      • 27AC2029-E05C-4084-BF4E-B0242A7B4C95 • ios            •
      com.apple.CoreSimulator.SimRuntime.iOS-17-2 (simulator)
    [32m•[39m macOS (desktop)         • macos                                • darwin-arm64   • macOS 14.3.1 23D60 darwin-arm64
    [32m•[39m Chrome (web)            • chrome                               • web-javascript • Google Chrome 123.0.6312.123

[32m[✓][39m Network resources
    [32m•[39m All expected network resources are available.

[32m•[39m No issues found!
```
