#
# A fatal error has been detected by the Java Runtime Environment:
#
#  EXCEPTION_ACCESS_VIOLATION (0xc0000005) at pc=0x00007ffe5b8a1be9, pid=208324, tid=204396
#
# JRE version:  (17.0.9+9) (build )
# Java VM: OpenJDK 64-Bit Server VM (17.0.9+9, mixed mode, sharing, tiered, unknown gc, windows-amd64)
# Problematic frame:
# C  [jimage.dll+0x1be9]
#
# No core dump will be written. Minidumps are not enabled by default on client versions of Windows
#
#

---------------  S U M M A R Y ------------

Command Line: 

Host: 11th Gen Intel(R) Core(TM) i7-1165G7 @ 2.80GHz, 8 cores, 15G,  Windows 10 , 64 bit Build 19041 (10.0.19041.3636)
Time: Fri Dec 15 22:53:44 2023 Paris, Madrid elapsed time: 0.055185 seconds (0d 0h 0m 0s)

---------------  T H R E A D  ---------------

Current thread is native thread

Stack: [0x0000005a18a00000,0x0000005a18b00000],  sp=0x0000005a18afd2c0,  free space=1012k
Native frames: (J=compiled Java code, j=interpreted, Vv=VM code, C=native code)
C  [jimage.dll+0x1be9]
C  [jimage.dll+0x1d77]
C  [jimage.dll+0x2655]
V  [jvm.dll+0x1f357a]


siginfo: EXCEPTION_ACCESS_VIOLATION (0xc0000005), reading address 0x000000000000a91c


Registers:
RAX=0x0000000000002a40, RBX=0x0000005a18afd3b1, RCX=0x00007ffe5b8a6000, RDX=0x0000000000002a40
RSP=0x0000005a18afd2c0, RBP=0x0000005a18afd3b0, RSI=0x00000000000071bc, RDI=0x0000005a18afd3b0
R8 =0x00007ffe5b8a4288, R9 =0x000000000000001c, R10=0x00007ffe4c110000, R11=0x00007ffe5b8a6000
R12=0x0000000000000002, R13=0x000001bc7fa87a00, R14=0x0000005a18afe420, R15=0x00007ffdc8cc7d88
RIP=0x00007ffe5b8a1be9, EFLAGS=0x0000000000010246


Top of Stack: (sp=0x0000005a18afd2c0)
0x0000005a18afd2c0:   0000005a184af000 0000000000000003
0x0000005a18afd2d0:   000001bc7f8a17ac 0000005a18afd430
0x0000005a18afd2e0:   000001bc7fa9c760 00007ffe5b8a1d77
0x0000005a18afd2f0:   000000000000000b 000001bc7fa9c760
0x0000005a18afd300:   0000005a18afd351 0000005a18afd430
0x0000005a18afd310:   00000000000006f5 000001bc7fa70150
0x0000005a18afd320:   00000000000006f5 00000000000006f5
0x0000005a18afd330:   00000000000006f5 000001bc7fa70000
0x0000005a18afd340:   000001bc01c10000 00007ffe65fce2a9
0x0000005a18afd350:   00009c4e7a168dd6 00007ffd08000008
0x0000005a18afd360:   00007ffdc8ca6830 0000000000000017
0x0000005a18afd370:   000001bc7fa9c760 0000005a18afe420
0x0000005a18afd380:   000000000000000b 00007ffe5b8a2655
0x0000005a18afd390:   000001bc01c10070 000001bc01c10000
0x0000005a18afd3a0:   000001bc7fa70000 000001bc7fa70000
0x0000005a18afd3b0:   61622e6176616a2f 692f6b646a2f6573
0x0000005a18afd3c0:   2f6c616e7265746e 6f6974706f2f6d76
0x0000005a18afd3d0:   000000000000736e 0000000000000001
0x0000005a18afd3e0:   000001bc7faf1fc0 00007ffe65fbee55
0x0000005a18afd3f0:   000001bc7fa70000 00007ffe65fbbcde
0x0000005a18afd400:   000001bc01c10000 0000005a18afd440
0x0000005a18afd410:   000001bc7fa70000 00007ffe65fbe715
0x0000005a18afd420:   000001bc7fa70000 0000005a18afd430
0x0000005a18afd430:   0000000000007e90 00007ffe65fb9b1a
0x0000005a18afd440:   000001bc7fa70000 0000000000000004
0x0000005a18afd450:   000001bc7fa7c1d0 0000000000005e90
0x0000005a18afd460:   00000000c000012d 00007ffe6605abd8
0x0000005a18afd470:   000001bc7fa70000 0000005a18afd4c0
0x0000005a18afd480:   0000000000000000 0000000000000000
0x0000005a18afd490:   00007ffd00001000 000001bc00000004
0x0000005a18afd4a0:   0000000000000004 00007ffe6398ef82
0x0000005a18afd4b0:   0000000000007000 0000005a18afda38 

Instructions: (pc=0x00007ffe5b8a1be9)
0x00007ffe5b8a1ae9:   48 85 c9 74 1d 80 3d 1b 45 00 00 00 74 06 48 8b
0x00007ffe5b8a1af9:   53 18 eb 04 48 8b 53 40 e8 ae 0e 00 00 48 83 63
0x00007ffe5b8a1b09:   48 00 8b 4b 0c 83 f9 ff 74 09 e8 e4 0c 00 00 83
0x00007ffe5b8a1b19:   4b 0c ff 48 8b 4b 70 48 85 c9 74 0f ba 10 00 00
0x00007ffe5b8a1b29:   00 e8 fd 0e 00 00 48 83 63 70 00 48 83 c4 20 5b
0x00007ffe5b8a1b39:   c3 cc cc 40 53 48 83 ec 20 48 8b d9 48 8d 0d d4
0x00007ffe5b8a1b49:   46 00 00 e8 b3 0c 00 00 83 6b 08 01 75 24 48 8b
0x00007ffe5b8a1b59:   d3 48 8d 0d b7 44 00 00 e8 22 08 00 00 48 8b cb
0x00007ffe5b8a1b69:   e8 de fe ff ff ba 78 00 00 00 48 8b cb e8 b1 0e
0x00007ffe5b8a1b79:   00 00 48 8d 0d 9e 46 00 00 48 83 c4 20 5b e9 80
0x00007ffe5b8a1b89:   0c 00 00 48 89 5c 24 08 48 89 74 24 10 57 48 83
0x00007ffe5b8a1b99:   ec 20 41 8b f1 4d 8b c8 48 8b fa 4c 8b d9 4d 85
0x00007ffe5b8a1ba9:   c0 74 78 85 f6 74 74 44 8a 12 48 8d 5a 01 48 8b
0x00007ffe5b8a1bb9:   d3 b8 93 01 00 01 eb 12 69 c0 93 01 00 01 41 0f
0x00007ffe5b8a1bc9:   b6 ca 44 8a 12 33 c1 48 ff c2 45 84 d2 75 e9 4d
0x00007ffe5b8a1bd9:   8b 03 0f ba f0 1f 33 d2 49 8b cb f7 f6 48 63 c2
0x00007ffe5b8a1be9:   41 8b 14 81 41 ff 50 08 85 c0 7e 24 8a 0f eb 10
0x00007ffe5b8a1bf9:   69 c0 93 01 00 01 0f b6 c9 33 c1 8a 0b 48 ff c3
0x00007ffe5b8a1c09:   84 c9 75 ec 0f ba f0 1f 33 d2 f7 f6 8b c2 eb 0e
0x00007ffe5b8a1c19:   79 09 83 c9 ff 2b c8 8b c1 eb 03 83 c8 ff 48 8b
0x00007ffe5b8a1c29:   5c 24 30 48 8b 74 24 38 48 83 c4 20 5f c3 cc 48
0x00007ffe5b8a1c39:   89 5c 24 08 48 89 74 24 10 57 48 83 ec 20 48 8b
0x00007ffe5b8a1c49:   f1 48 8d 0d cf 45 00 00 e8 ae 0b 00 00 33 ff 39
0x00007ffe5b8a1c59:   3d ba 43 00 00 76 24 48 8b 05 b9 43 00 00 48 8b
0x00007ffe5b8a1c69:   d6 48 8b 1c f8 48 8b 0b e8 64 1e 00 00 85 c0 74
0x00007ffe5b8a1c79:   2b ff c7 3b 3d 96 43 00 00 72 dc 33 db 48 8d 0d
0x00007ffe5b8a1c89:   93 45 00 00 e8 7a 0b 00 00 48 8b 74 24 38 48 8b
0x00007ffe5b8a1c99:   c3 48 8b 5c 24 30 48 83 c4 20 5f c3 ff 43 08 eb
0x00007ffe5b8a1ca9:   dc cc cc 48 89 5c 24 08 48 89 74 24 10 57 48 83
0x00007ffe5b8a1cb9:   ec 20 48 8b d9 48 8b f2 48 8b 49 10 49 8b f8 8b
0x00007ffe5b8a1cc9:   53 30 48 8b 01 ff 50 20 4c 8b 43 50 48 8b d6 48
0x00007ffe5b8a1cd9:   8b 4b 10 44 8b c8 e8 a8 fe ff ff 83 f8 ff 74 38 



---------------  P R O C E S S  ---------------

VM state: not at safepoint (not fully initialized)

VM Mutex/Monitor currently owned by a thread: None

GC Precious Log:
<Not initialized>


Dynamic libraries:
0x00007ff7165e0000 - 0x00007ff7165ee000 	c:\Users\nihel\.vscode\extensions\redhat.java-1.25.1-win32-x64\jre\17.0.9-win32-x86_64\bin\java.exe
0x00007ffe65fb0000 - 0x00007ffe661a8000 	C:\Windows\SYSTEM32\ntdll.dll
0x00007ffe653e0000 - 0x00007ffe6549d000 	C:\Windows\System32\KERNEL32.DLL
0x00007ffe63be0000 - 0x00007ffe63ed6000 	C:\Windows\System32\KERNELBASE.dll
0x00007ffe5e1a0000 - 0x00007ffe5e230000 	C:\Windows\SYSTEM32\apphelp.dll
0x00007ffe63970000 - 0x00007ffe63a70000 	C:\Windows\System32\ucrtbase.dll
0x00007ffe4ee20000 - 0x00007ffe4ee37000 	c:\Users\nihel\.vscode\extensions\redhat.java-1.25.1-win32-x64\jre\17.0.9-win32-x86_64\bin\jli.dll
0x00007ffe4c110000 - 0x00007ffe4c12b000 	c:\Users\nihel\.vscode\extensions\redhat.java-1.25.1-win32-x64\jre\17.0.9-win32-x86_64\bin\VCRUNTIME140.dll
0x00007ffe64680000 - 0x00007ffe6481e000 	C:\Windows\System32\USER32.dll
0x00007ffe63fe0000 - 0x00007ffe64002000 	C:\Windows\System32\win32u.dll
0x00007ffe64f60000 - 0x00007ffe64f8c000 	C:\Windows\System32\GDI32.dll
0x00007ffe63a70000 - 0x00007ffe63b8a000 	C:\Windows\System32\gdi32full.dll
0x00007ffe63820000 - 0x00007ffe638bd000 	C:\Windows\System32\msvcp_win.dll
0x00007ffe54690000 - 0x00007ffe5492a000 	C:\Windows\WinSxS\amd64_microsoft.windows.common-controls_6595b64144ccf1df_6.0.19041.3636_none_60b6a03d71f818d5\COMCTL32.dll
0x00007ffe65780000 - 0x00007ffe6581e000 	C:\Windows\System32\msvcrt.dll
0x00007ffe64650000 - 0x00007ffe64680000 	C:\Windows\System32\IMM32.DLL
0x00007ffe5c0a0000 - 0x00007ffe5c0ac000 	c:\Users\nihel\.vscode\extensions\redhat.java-1.25.1-win32-x64\jre\17.0.9-win32-x86_64\bin\vcruntime140_1.dll
0x00007ffe28310000 - 0x00007ffe2839d000 	c:\Users\nihel\.vscode\extensions\redhat.java-1.25.1-win32-x64\jre\17.0.9-win32-x86_64\bin\msvcp140.dll
0x00007ffdc8390000 - 0x00007ffdc8ff1000 	c:\Users\nihel\.vscode\extensions\redhat.java-1.25.1-win32-x64\jre\17.0.9-win32-x86_64\bin\server\jvm.dll
0x00007ffe64010000 - 0x00007ffe640bf000 	C:\Windows\System32\ADVAPI32.dll
0x00007ffe65270000 - 0x00007ffe6530c000 	C:\Windows\System32\sechost.dll
0x00007ffe65550000 - 0x00007ffe65676000 	C:\Windows\System32\RPCRT4.dll
0x00007ffe62c40000 - 0x00007ffe62c8b000 	C:\Windows\SYSTEM32\POWRPROF.dll
0x00007ffe4d0f0000 - 0x00007ffe4d0f9000 	C:\Windows\SYSTEM32\WSOCK32.dll
0x00007ffe65310000 - 0x00007ffe6537b000 	C:\Windows\System32\WS2_32.dll
0x00007ffe48100000 - 0x00007ffe48127000 	C:\Windows\SYSTEM32\WINMM.dll
0x00007ffe58730000 - 0x00007ffe5873a000 	C:\Windows\SYSTEM32\VERSION.dll
0x00007ffe62ab0000 - 0x00007ffe62ac2000 	C:\Windows\SYSTEM32\UMPDC.dll
0x00007ffe61eb0000 - 0x00007ffe61ec2000 	C:\Windows\SYSTEM32\kernel.appcore.dll
0x00007ffe5b8a0000 - 0x00007ffe5b8aa000 	c:\Users\nihel\.vscode\extensions\redhat.java-1.25.1-win32-x64\jre\17.0.9-win32-x86_64\bin\jimage.dll
0x00007ffe614e0000 - 0x00007ffe616c4000 	C:\Windows\SYSTEM32\DBGHELP.DLL
0x00007ffe4ce80000 - 0x00007ffe4ceb4000 	C:\Windows\SYSTEM32\dbgcore.DLL
0x00007ffe63f50000 - 0x00007ffe63fd2000 	C:\Windows\System32\bcryptPrimitives.dll

dbghelp: loaded successfully - version: 4.0.5 - missing functions: none
symbol engine: initialized successfully - sym options: 0x614 - pdb path: .;c:\Users\nihel\.vscode\extensions\redhat.java-1.25.1-win32-x64\jre\17.0.9-win32-x86_64\bin;C:\Windows\SYSTEM32;C:\Windows\WinSxS\amd64_microsoft.windows.common-controls_6595b64144ccf1df_6.0.19041.3636_none_60b6a03d71f818d5;c:\Users\nihel\.vscode\extensions\redhat.java-1.25.1-win32-x64\jre\17.0.9-win32-x86_64\bin\server

VM Arguments:
java_command: <unknown>
java_class_path (initial): <not set>
Launcher Type: SUN_STANDARD

[Global flags]
     bool UseLargePagesIndividualAllocation        = false                                  {pd product} {ergonomic}

Logging:
Log output configuration:
 #0: stdout all=warning uptime,level,tags
 #1: stderr all=off uptime,level,tags

Environment Variables:
JAVA_HOME=C:\Program Files\Java\jdk-17
PATH=C:\Program Files\Common Files\Oracle\Java\javapath;C:\Windows\system32;C:\Windows;C:\Windows\System32\Wbem;C:\Windows\System32\WindowsPowerShell\v1.0\;C:\Windows\System32\OpenSSH\;C:\Program Files\Git\cmd;C:\composer;C:\ProgramData\chocolatey\bin;C:\Users\nihel\Downloads\apache-maven-3.8.6-bin\apache-maven-3.8.6\bin;C:\Program Files\Java\jdk-17;C:\Program Files (x86)\dotnet\;C:\Program Files\nodejs\;C:\Program Files\Docker\Docker\resources\bin;C:\Program Files\MySQL\MySQL Shell 8.0\bin\;C:\Users\nihel\AppData\Local\Microsoft\WindowsApps;C:\Users\nihel\AppData\Roaming\Composer\vendor\bin;C:\Users\nihel\AppData\Local\Programs\Microsoft VS Code\bin;C:\Users\nihel\Downloads\apache-maven-3.8.6-bin\bin;C:\Users\nihel\Downloads\apache-maven-3.8.6-bin\apache-maven-3.8.6\bin;C:\Users\nihel\AppData\Local\Packages\PythonSoftwareFoundation.Python.3.10_qbz5n2kfra8p0\LocalCache\local-packages\Python310\Scripts;C:\src\flutter\flutter\bin;C:\Program Files\JetBrains\IntelliJ IDEA 2023.1\bin;;C:\Users\nihel\AppData\Roaming\npm
USERNAME=nihel
OS=Windows_NT
PROCESSOR_IDENTIFIER=Intel64 Family 6 Model 140 Stepping 1, GenuineIntel
TMP=C:\Users\nihel\AppData\Local\Temp
TEMP=C:\Users\nihel\AppData\Local\Temp



Periodic native trim disabled


---------------  S Y S T E M  ---------------

OS:
 Windows 10 , 64 bit Build 19041 (10.0.19041.3636)
OS uptime: 16 days 5:44 hours

CPU: total 8 (initial active 0) 
Processor Information for all 8 processors :
  Max Mhz: 2803, Current Mhz: 2803, Mhz Limit: 2803

Memory: 4k page, system-wide physical 16075M (219M free)
TotalPageFile size 65227M (AvailPageFile size 5M)
current process WorkingSet (physical memory assigned to process): 8M, peak: 8M
current process commit charge ("private bytes"): 2M, peak: 2M

vm_info: OpenJDK 64-Bit Server VM (17.0.9+9) for windows-amd64 JRE (17.0.9+9), built on Oct 26 2023 14:01:42 by "admin" with MS VC++ 16.10 / 16.11 (VS2019)

END.
