#
# There is insufficient memory for the Java Runtime Environment to continue.
# Native memory allocation (malloc) failed to allocate 587504 bytes for Chunk::new
# Possible reasons:
#   The system is out of physical RAM or swap space
#   The process is running with CompressedOops enabled, and the Java Heap may be blocking the growth of the native heap
# Possible solutions:
#   Reduce memory load on the system
#   Increase physical memory or swap space
#   Check if swap backing store is full
#   Decrease Java heap size (-Xmx/-Xms)
#   Decrease number of Java threads
#   Decrease Java thread stack sizes (-Xss)
#   Set larger code cache with -XX:ReservedCodeCacheSize=
#   JVM is running with Unscaled Compressed Oops mode in which the Java heap is
#     placed in the first 4GB address space. The Java Heap base address is the
#     maximum limit for the native heap growth. Please use -XX:HeapBaseMinAddress
#     to set the Java Heap base and to place the Java Heap above 4GB virtual address.
# This output file may be truncated or incomplete.
#
#  Out of Memory Error (arena.cpp:191), pid=208660, tid=207572
#
# JRE version: OpenJDK Runtime Environment Temurin-17.0.9+9 (17.0.9+9) (build 17.0.9+9)
# Java VM: OpenJDK 64-Bit Server VM Temurin-17.0.9+9 (17.0.9+9, mixed mode, tiered, compressed oops, compressed class ptrs, parallel gc, windows-amd64)
# No core dump will be written. Minidumps are not enabled by default on client versions of Windows
#

---------------  S U M M A R Y ------------

Command Line: --add-modules=ALL-SYSTEM --add-opens=java.base/java.util=ALL-UNNAMED --add-opens=java.base/java.lang=ALL-UNNAMED --add-opens=java.base/sun.nio.fs=ALL-UNNAMED -Declipse.application=org.eclipse.jdt.ls.core.id1 -Dosgi.bundles.defaultStartLevel=4 -Declipse.product=org.eclipse.jdt.ls.core.product -Djava.import.generatesMetadataFilesAtProjectRoot=false -DDetectVMInstallationsJob.disabled=true -Dfile.encoding=utf8 -XX:+UseParallelGC -XX:GCTimeRatio=4 -XX:AdaptiveSizePolicyWeight=90 -Dsun.zip.disableMemoryMapping=true -Xmx1G -Xms100m -Xlog:disable -javaagent:c:\Users\nihel\.vscode\extensions\redhat.java-1.25.1-win32-x64\lombok\lombok-1.18.30.jar c:\Users\nihel\.vscode\extensions\redhat.java-1.25.1-win32-x64\server\plugins\org.eclipse.equinox.launcher_1.6.600.v20231106-1826.jar -configuration c:\Users\nihel\AppData\Roaming\Code\User\globalStorage\redhat.java\1.25.1\config_ss_win -data c:\Users\nihel\AppData\Roaming\Code\User\workspaceStorage\bc1a31112903e89ee73cd821e13cf18e\redhat.java\ss_ws --stdio

Host: 11th Gen Intel(R) Core(TM) i7-1165G7 @ 2.80GHz, 8 cores, 15G,  Windows 10 , 64 bit Build 19041 (10.0.19041.3636)
Time: Fri Dec 15 22:53:37 2023 Paris, Madrid elapsed time: 1.791882 seconds (0d 0h 0m 1s)

---------------  T H R E A D  ---------------

Current thread (0x000002793705acb0):  JavaThread "C2 CompilerThread0" daemon [_thread_in_native, id=207572, stack(0x000000d04b900000,0x000000d04ba00000)]


Current CompileTask:
C2:   1792  777   !   4       java.util.jar.Attributes::read (498 bytes)

Stack: [0x000000d04b900000,0x000000d04ba00000]
Native frames: (J=compiled Java code, j=interpreted, Vv=VM code, C=native code)
V  [jvm.dll+0x67cf49]
V  [jvm.dll+0x83478a]
V  [jvm.dll+0x83624e]
V  [jvm.dll+0x8368b3]
V  [jvm.dll+0x247f1f]
V  [jvm.dll+0xac43c]
V  [jvm.dll+0xaca8c]
V  [jvm.dll+0x367067]
V  [jvm.dll+0x1bd722]
V  [jvm.dll+0x21a709]
V  [jvm.dll+0x2199d1]
V  [jvm.dll+0x1a57cd]
V  [jvm.dll+0x2297ae]
V  [jvm.dll+0x22797c]
V  [jvm.dll+0x7e9877]
V  [jvm.dll+0x7e3c3a]
V  [jvm.dll+0x67be35]
C  [ucrtbase.dll+0x21bb2]
C  [KERNEL32.DLL+0x17344]
C  [ntdll.dll+0x526b1]


---------------  P R O C E S S  ---------------

Threads class SMR info:
_java_thread_list=0x0000027937369000, length=12, elements={
0x000002791e082a40, 0x0000027931f01740, 0x0000027931f04cc0, 0x0000027931f092d0,
0x0000027931f0bbb0, 0x0000027931f0dc30, 0x0000027937055000, 0x000002793705acb0,
0x0000027937066eb0, 0x000002791e12bf60, 0x000002791e0e6450, 0x00000279372e2030
}

Java Threads: ( => current thread )
  0x000002791e082a40 JavaThread "main" [_thread_in_vm, id=178068, stack(0x000000d04b000000,0x000000d04b100000)]
  0x0000027931f01740 JavaThread "Reference Handler" daemon [_thread_blocked, id=210808, stack(0x000000d04b300000,0x000000d04b400000)]
  0x0000027931f04cc0 JavaThread "Finalizer" daemon [_thread_blocked, id=206672, stack(0x000000d04b400000,0x000000d04b500000)]
  0x0000027931f092d0 JavaThread "Signal Dispatcher" daemon [_thread_blocked, id=16764, stack(0x000000d04b500000,0x000000d04b600000)]
  0x0000027931f0bbb0 JavaThread "Attach Listener" daemon [_thread_blocked, id=104616, stack(0x000000d04b600000,0x000000d04b700000)]
  0x0000027931f0dc30 JavaThread "Service Thread" daemon [_thread_blocked, id=209944, stack(0x000000d04b700000,0x000000d04b800000)]
  0x0000027937055000 JavaThread "Monitor Deflation Thread" daemon [_thread_blocked, id=215044, stack(0x000000d04b800000,0x000000d04b900000)]
=>0x000002793705acb0 JavaThread "C2 CompilerThread0" daemon [_thread_in_native, id=207572, stack(0x000000d04b900000,0x000000d04ba00000)]
  0x0000027937066eb0 JavaThread "C1 CompilerThread0" daemon [_thread_in_native, id=214792, stack(0x000000d04ba00000,0x000000d04bb00000)]
  0x000002791e12bf60 JavaThread "Sweeper thread" daemon [_thread_blocked, id=106652, stack(0x000000d04bb00000,0x000000d04bc00000)]
  0x000002791e0e6450 JavaThread "Common-Cleaner" daemon [_thread_blocked, id=27812, stack(0x000000d04bc00000,0x000000d04bd00000)]
  0x00000279372e2030 JavaThread "Notification Thread" daemon [_thread_blocked, id=200216, stack(0x000000d04bd00000,0x000000d04be00000)]

Other Threads:
  0x00000279370314b0 VMThread "VM Thread" [stack: 0x000000d04b200000,0x000000d04b300000] [id=213112]
  0x00000279372e2510 WatcherThread [stack: 0x000000d04be00000,0x000000d04bf00000] [id=197664]
  0x000002791e0952d0 GCTaskThread "GC Thread#0" [stack: 0x000000d04b100000,0x000000d04b200000] [id=197904]

Threads with active compile tasks:
C2 CompilerThread0     1826  777   !   4       java.util.jar.Attributes::read (498 bytes)
C1 CompilerThread0     1826  836   !   3       java.util.zip.ZipFile$ZipFileInputStream::close (59 bytes)

VM state: not at safepoint (normal execution)

VM Mutex/Monitor currently owned by a thread: None

Heap address: 0x00000000c0000000, size: 1024 MB, Compressed Oops mode: 32-bit

CDS archive(s) not mapped
Compressed class space mapped at: 0x0000000100000000-0x0000000140000000, reserved size: 1073741824
Narrow klass base: 0x0000000000000000, Narrow klass shift: 3, Narrow klass range: 0x140000000

GC Precious Log:
 CPUs: 8 total, 8 available
 Memory: 16075M
 Large Page Support: Disabled
 NUMA Support: Disabled
 Compressed Oops: Enabled (32-bit)
 Alignments: Space 512K, Generation 512K, Heap 2M
 Heap Min Capacity: 100M
 Heap Initial Capacity: 100M
 Heap Max Capacity: 1G
 Pre-touch: Disabled
 Parallel Workers: 8

Heap:
 PSYoungGen      total 29696K, used 22922K [0x00000000eab00000, 0x00000000ecc00000, 0x0000000100000000)
  eden space 25600K, 89% used [0x00000000eab00000,0x00000000ec162b48,0x00000000ec400000)
  from space 4096K, 0% used [0x00000000ec800000,0x00000000ec800000,0x00000000ecc00000)
  to   space 4096K, 0% used [0x00000000ec400000,0x00000000ec400000,0x00000000ec800000)
 ParOldGen       total 68608K, used 0K [0x00000000c0000000, 0x00000000c4300000, 0x00000000eab00000)
  object space 68608K, 0% used [0x00000000c0000000,0x00000000c0000000,0x00000000c4300000)
 Metaspace       used 10236K, committed 10368K, reserved 1114112K
  class space    used 1016K, committed 1088K, reserved 1048576K

Card table byte_map: [0x000002791da40000,0x000002791dc50000] _byte_map_base: 0x000002791d440000

Marking Bits: (ParMarkBitMap*) 0x00007ffdc8f2d0b0
 Begin Bits: [0x000002792fd10000, 0x0000027930d10000)
 End Bits:   [0x0000027930d10000, 0x0000027931d10000)

Polling page: 0x000002791d830000

Metaspace:

Usage:
  Non-class:      9.00 MB used.
      Class:   1016.18 KB used.
       Both:     10.00 MB used.

Virtual space:
  Non-class space:       64.00 MB reserved,       9.06 MB ( 14%) committed,  1 nodes.
      Class space:        1.00 GB reserved,       1.06 MB ( <1%) committed,  1 nodes.
             Both:        1.06 GB reserved,      10.12 MB ( <1%) committed. 

Chunk freelists:
   Non-Class:  6.59 MB
       Class:  14.98 MB
        Both:  21.58 MB

MaxMetaspaceSize: unlimited
CompressedClassSpaceSize: 1.00 GB
Initial GC threshold: 21.00 MB
Current GC threshold: 21.00 MB
CDS: off
MetaspaceReclaimPolicy: balanced
 - commit_granule_bytes: 65536.
 - commit_granule_words: 8192.
 - virtual_space_node_default_size: 8388608.
 - enlarge_chunks_in_place: 1.
 - new_chunks_are_fully_committed: 0.
 - uncommit_free_chunks: 1.
 - use_allocation_guard: 0.
 - handle_deallocations: 1.


Internal statistics:

num_allocs_failed_limit: 0.
num_arena_births: 14.
num_arena_deaths: 0.
num_vsnodes_births: 2.
num_vsnodes_deaths: 0.
num_space_committed: 162.
num_space_uncommitted: 0.
num_chunks_returned_to_freelist: 0.
num_chunks_taken_from_freelist: 71.
num_chunk_merges: 0.
num_chunk_splits: 43.
num_chunks_enlarged: 36.
num_inconsistent_stats: 0.

CodeHeap 'non-profiled nmethods': size=120000Kb used=322Kb max_used=322Kb free=119677Kb
 bounds [0x00000279287e0000, 0x0000027928a50000, 0x000002792fd10000]
CodeHeap 'profiled nmethods': size=120000Kb used=1354Kb max_used=1354Kb free=118645Kb
 bounds [0x0000027920d10000, 0x0000027920f80000, 0x0000027928240000]
CodeHeap 'non-nmethods': size=5760Kb used=1149Kb max_used=1165Kb free=4610Kb
 bounds [0x0000027928240000, 0x00000279284b0000, 0x00000279287e0000]
 total_blobs=1255 nmethods=826 adapters=344
 compilation: enabled
              stopped_count=0, restarted_count=0
 full_count=0

Compilation events (20 events):
Event: 1.752 Thread 0x0000027937066eb0  813       3       java.util.Locale::getDefault (4 bytes)
Event: 1.752 Thread 0x0000027937066eb0 nmethod 813 0x0000027920e59c10 code [0x0000027920e59da0, 0x0000027920e59e98]
Event: 1.754 Thread 0x0000027937066eb0  814       3       org.eclipse.osgi.internal.util.Tokenizer::skipWhiteSpace (58 bytes)
Event: 1.754 Thread 0x0000027937066eb0 nmethod 814 0x0000027920e59f10 code [0x0000027920e5a0c0, 0x0000027920e5a3b8]
Event: 1.754 Thread 0x0000027937066eb0  815       3       java.util.ArrayList::<init> (61 bytes)
Event: 1.755 Thread 0x0000027937066eb0 nmethod 815 0x0000027920e5a510 code [0x0000027920e5a760, 0x0000027920e5b038]
Event: 1.755 Thread 0x0000027937066eb0  817       3       java.util.AbstractCollection::addAll (42 bytes)
Event: 1.756 Thread 0x0000027937066eb0 nmethod 817 0x0000027920e5b390 code [0x0000027920e5b580, 0x0000027920e5ba98]
Event: 1.756 Thread 0x0000027937066eb0  819       3       java.lang.StringLatin1::inflate (34 bytes)
Event: 1.756 Thread 0x0000027937066eb0 nmethod 819 0x0000027920e5bc10 code [0x0000027920e5bdc0, 0x0000027920e5bfd8]
Event: 1.756 Thread 0x0000027937066eb0  818       1       java.nio.Buffer::position (5 bytes)
Event: 1.756 Thread 0x0000027937066eb0 nmethod 818 0x000002792882f990 code [0x000002792882fb20, 0x000002792882fbf8]
Event: 1.756 Thread 0x0000027937066eb0  820       3       java.lang.String::newStringUTF8NoRepl (274 bytes)
Event: 1.758 Thread 0x0000027937066eb0 nmethod 820 0x0000027920e5c190 code [0x0000027920e5c440, 0x0000027920e5d2e8]
Event: 1.758 Thread 0x0000027937066eb0  821       1       java.security.CodeSource::getLocationNoFragString (5 bytes)
Event: 1.758 Thread 0x0000027937066eb0 nmethod 821 0x000002792882fc90 code [0x000002792882fe20, 0x000002792882fef8]
Event: 1.764 Thread 0x0000027937066eb0  822       3       java.lang.ClassLoader::getClassLoadingLock (35 bytes)
Event: 1.765 Thread 0x0000027937066eb0 nmethod 822 0x0000027920e5d810 code [0x0000027920e5d9c0, 0x0000027920e5dcc8]
Event: 1.765 Thread 0x0000027937066eb0  823       3       java.util.ArrayList::toArray (57 bytes)
Event: 1.766 Thread 0x0000027937066eb0 nmethod 823 0x0000027920e5de10 code [0x0000027920e5dfe0, 0x0000027920e5e4d8]

GC Heap History (0 events):
No events

Dll operation events (8 events):
Event: 0.017 Loaded shared library c:\Users\nihel\.vscode\extensions\redhat.java-1.25.1-win32-x64\jre\17.0.9-win32-x86_64\bin\java.dll
Event: 0.242 Loaded shared library c:\Users\nihel\.vscode\extensions\redhat.java-1.25.1-win32-x64\jre\17.0.9-win32-x86_64\bin\zip.dll
Event: 0.248 Loaded shared library C:\Users\nihel\.vscode\extensions\redhat.java-1.25.1-win32-x64\jre\17.0.9-win32-x86_64\bin\instrument.dll
Event: 0.270 Loaded shared library C:\Users\nihel\.vscode\extensions\redhat.java-1.25.1-win32-x64\jre\17.0.9-win32-x86_64\bin\net.dll
Event: 0.275 Loaded shared library C:\Users\nihel\.vscode\extensions\redhat.java-1.25.1-win32-x64\jre\17.0.9-win32-x86_64\bin\nio.dll
Event: 0.287 Loaded shared library C:\Users\nihel\.vscode\extensions\redhat.java-1.25.1-win32-x64\jre\17.0.9-win32-x86_64\bin\zip.dll
Event: 0.311 Loaded shared library C:\Users\nihel\.vscode\extensions\redhat.java-1.25.1-win32-x64\jre\17.0.9-win32-x86_64\bin\jimage.dll
Event: 0.420 Loaded shared library c:\Users\nihel\.vscode\extensions\redhat.java-1.25.1-win32-x64\jre\17.0.9-win32-x86_64\bin\verify.dll

Deoptimization events (20 events):
Event: 1.685 Thread 0x000002791e082a40 DEOPT PACKING pc=0x0000027920e1cf09 sp=0x000000d04b0fd2d0
Event: 1.685 Thread 0x000002791e082a40 DEOPT UNPACKING pc=0x000002792829a9e3 sp=0x000000d04b0fc758 mode 0
Event: 1.753 Thread 0x000002791e082a40 Uncommon trap: trap_request=0xffffffde fr.pc=0x0000027928820c20 relative=0x0000000000000a60
Event: 1.753 Thread 0x000002791e082a40 Uncommon trap: reason=class_check action=maybe_recompile pc=0x0000027928820c20 method=java.util.HashMap.putVal(ILjava/lang/Object;Ljava/lang/Object;ZZ)Ljava/lang/Object; @ 203 c2
Event: 1.753 Thread 0x000002791e082a40 DEOPT PACKING pc=0x0000027928820c20 sp=0x000000d04b0fde10
Event: 1.753 Thread 0x000002791e082a40 DEOPT UNPACKING pc=0x0000027928299ea3 sp=0x000000d04b0fdd38 mode 2
Event: 1.753 Thread 0x000002791e082a40 Uncommon trap: trap_request=0xffffffde fr.pc=0x0000027928820c20 relative=0x0000000000000a60
Event: 1.753 Thread 0x000002791e082a40 Uncommon trap: reason=class_check action=maybe_recompile pc=0x0000027928820c20 method=java.util.HashMap.putVal(ILjava/lang/Object;Ljava/lang/Object;ZZ)Ljava/lang/Object; @ 203 c2
Event: 1.753 Thread 0x000002791e082a40 DEOPT PACKING pc=0x0000027928820c20 sp=0x000000d04b0fde10
Event: 1.753 Thread 0x000002791e082a40 DEOPT UNPACKING pc=0x0000027928299ea3 sp=0x000000d04b0fdd38 mode 2
Event: 1.753 Thread 0x000002791e082a40 Uncommon trap: trap_request=0xffffffde fr.pc=0x0000027928820c20 relative=0x0000000000000a60
Event: 1.753 Thread 0x000002791e082a40 Uncommon trap: reason=class_check action=maybe_recompile pc=0x0000027928820c20 method=java.util.HashMap.putVal(ILjava/lang/Object;Ljava/lang/Object;ZZ)Ljava/lang/Object; @ 203 c2
Event: 1.753 Thread 0x000002791e082a40 DEOPT PACKING pc=0x0000027928820c20 sp=0x000000d04b0fde10
Event: 1.753 Thread 0x000002791e082a40 DEOPT UNPACKING pc=0x0000027928299ea3 sp=0x000000d04b0fdd38 mode 2
Event: 1.754 Thread 0x000002791e082a40 Uncommon trap: trap_request=0xffffffde fr.pc=0x0000027928820c20 relative=0x0000000000000a60
Event: 1.754 Thread 0x000002791e082a40 Uncommon trap: reason=class_check action=maybe_recompile pc=0x0000027928820c20 method=java.util.HashMap.putVal(ILjava/lang/Object;Ljava/lang/Object;ZZ)Ljava/lang/Object; @ 203 c2
Event: 1.754 Thread 0x000002791e082a40 DEOPT PACKING pc=0x0000027928820c20 sp=0x000000d04b0fde10
Event: 1.754 Thread 0x000002791e082a40 DEOPT UNPACKING pc=0x0000027928299ea3 sp=0x000000d04b0fdd38 mode 2
Event: 1.756 Thread 0x000002791e082a40 DEOPT PACKING pc=0x0000027920d5b522 sp=0x000000d04b0fd750
Event: 1.756 Thread 0x000002791e082a40 DEOPT UNPACKING pc=0x000002792829a9e3 sp=0x000000d04b0fcbb0 mode 0

Classes unloaded (0 events):
No events

Classes redefined (0 events):
No events

Internal exceptions (8 events):
Event: 0.206 Thread 0x000002791e082a40 Exception <a 'java/lang/NoSuchMethodError'{0x00000000eacb2728}: 'void java.lang.invoke.DirectMethodHandle$Holder.invokeStatic(java.lang.Object, java.lang.Object, java.lang.Object)'> (0x00000000eacb2728) 
thrown [s\src\hotspot\share\interpreter\linkResolver.cpp, line 759]
Event: 0.503 Thread 0x000002791e082a40 Exception <a 'java/lang/reflect/InvocationTargetException'{0x00000000eafe20e0}> (0x00000000eafe20e0) 
thrown [s\src\hotspot\share\runtime\reflection.cpp, line 1121]
Event: 1.226 Thread 0x000002791e082a40 Exception <a 'java/lang/ClassNotFoundException'{0x00000000eb8539d0}: sun/net/www/protocol/c/Handler> (0x00000000eb8539d0) 
thrown [s\src\hotspot\share\classfile\systemDictionary.cpp, line 256]
Event: 1.273 Thread 0x000002791e082a40 Exception <a 'java/io/FileNotFoundException'{0x00000000eb866c08}> (0x00000000eb866c08) 
thrown [s\src\hotspot\share\prims\jni.cpp, line 516]
Event: 1.274 Thread 0x000002791e082a40 Exception <a 'java/io/FileNotFoundException'{0x00000000eb867d30}> (0x00000000eb867d30) 
thrown [s\src\hotspot\share\prims\jni.cpp, line 516]
Event: 1.274 Thread 0x000002791e082a40 Exception <a 'java/io/FileNotFoundException'{0x00000000eb868e50}> (0x00000000eb868e50) 
thrown [s\src\hotspot\share\prims\jni.cpp, line 516]
Event: 1.283 Thread 0x000002791e082a40 Exception <a 'java/io/FileNotFoundException'{0x00000000eb869f40}> (0x00000000eb869f40) 
thrown [s\src\hotspot\share\prims\jni.cpp, line 516]
Event: 1.294 Thread 0x000002791e082a40 Exception <a 'java/io/FileNotFoundException'{0x00000000eb8a33e8}> (0x00000000eb8a33e8) 
thrown [s\src\hotspot\share\prims\jni.cpp, line 516]

VM Operations (10 events):
Event: 0.213 Executing VM operation: HandshakeAllThreads
Event: 0.213 Executing VM operation: HandshakeAllThreads done
Event: 1.172 Executing VM operation: HandshakeAllThreads
Event: 1.172 Executing VM operation: HandshakeAllThreads done
Event: 1.172 Executing VM operation: Cleanup
Event: 1.172 Executing VM operation: Cleanup done
Event: 1.217 Executing VM operation: HandshakeAllThreads
Event: 1.217 Executing VM operation: HandshakeAllThreads done
Event: 1.747 Executing VM operation: HandshakeAllThreads
Event: 1.747 Executing VM operation: HandshakeAllThreads done

Events (20 events):
Event: 1.732 loading class java/io/BufferedReader
Event: 1.733 loading class java/io/BufferedReader done
Event: 1.734 loading class sun/nio/cs/StreamDecoder
Event: 1.735 loading class sun/nio/cs/StreamDecoder done
Event: 1.735 loading class sun/nio/cs/UTF_8$Decoder
Event: 1.746 loading class sun/nio/cs/UTF_8$Decoder done
Event: 1.747 loading class java/nio/charset/CoderResult
Event: 1.747 loading class java/nio/charset/CoderResult done
Event: 1.771 loading class java/util/Random
Event: 1.772 loading class java/util/random/RandomGenerator
Event: 1.772 loading class java/util/random/RandomGenerator done
Event: 1.772 loading class java/util/Random done
Event: 1.773 loading class java/util/UUID
Event: 1.774 loading class java/util/UUID done
Event: 1.774 loading class java/util/concurrent/atomic/AtomicBoolean
Event: 1.775 loading class java/util/concurrent/atomic/AtomicBoolean done
Event: 1.775 loading class java/lang/invoke/VarHandleInts$FieldInstanceReadWrite
Event: 1.776 loading class java/lang/invoke/VarHandleInts$FieldInstanceReadOnly
Event: 1.776 loading class java/lang/invoke/VarHandleInts$FieldInstanceReadOnly done
Event: 1.776 loading class java/lang/invoke/VarHandleInts$FieldInstanceReadWrite done


Dynamic libraries:
0x00007ff7165e0000 - 0x00007ff7165ee000 	c:\Users\nihel\.vscode\extensions\redhat.java-1.25.1-win32-x64\jre\17.0.9-win32-x86_64\bin\java.exe
0x00007ffe65fb0000 - 0x00007ffe661a8000 	C:\Windows\SYSTEM32\ntdll.dll
0x00007ffe653e0000 - 0x00007ffe6549d000 	C:\Windows\System32\KERNEL32.DLL
0x00007ffe63be0000 - 0x00007ffe63ed6000 	C:\Windows\System32\KERNELBASE.dll
0x00007ffe5e1a0000 - 0x00007ffe5e230000 	C:\Windows\SYSTEM32\apphelp.dll
0x00007ffe63970000 - 0x00007ffe63a70000 	C:\Windows\System32\ucrtbase.dll
0x00007ffe54e20000 - 0x00007ffe54e3b000 	c:\Users\nihel\.vscode\extensions\redhat.java-1.25.1-win32-x64\jre\17.0.9-win32-x86_64\bin\VCRUNTIME140.dll
0x00007ffe54de0000 - 0x00007ffe54df7000 	c:\Users\nihel\.vscode\extensions\redhat.java-1.25.1-win32-x64\jre\17.0.9-win32-x86_64\bin\jli.dll
0x00007ffe64680000 - 0x00007ffe6481e000 	C:\Windows\System32\USER32.dll
0x00007ffe63fe0000 - 0x00007ffe64002000 	C:\Windows\System32\win32u.dll
0x00007ffe64f60000 - 0x00007ffe64f8c000 	C:\Windows\System32\GDI32.dll
0x00007ffe54690000 - 0x00007ffe5492a000 	C:\Windows\WinSxS\amd64_microsoft.windows.common-controls_6595b64144ccf1df_6.0.19041.3636_none_60b6a03d71f818d5\COMCTL32.dll
0x00007ffe63a70000 - 0x00007ffe63b8a000 	C:\Windows\System32\gdi32full.dll
0x00007ffe65780000 - 0x00007ffe6581e000 	C:\Windows\System32\msvcrt.dll
0x00007ffe63820000 - 0x00007ffe638bd000 	C:\Windows\System32\msvcp_win.dll
0x00007ffe64650000 - 0x00007ffe64680000 	C:\Windows\System32\IMM32.DLL
0x00007ffe5c0a0000 - 0x00007ffe5c0ac000 	c:\Users\nihel\.vscode\extensions\redhat.java-1.25.1-win32-x64\jre\17.0.9-win32-x86_64\bin\vcruntime140_1.dll
0x00007ffe28db0000 - 0x00007ffe28e3d000 	c:\Users\nihel\.vscode\extensions\redhat.java-1.25.1-win32-x64\jre\17.0.9-win32-x86_64\bin\msvcp140.dll
0x00007ffdc8390000 - 0x00007ffdc8ff1000 	c:\Users\nihel\.vscode\extensions\redhat.java-1.25.1-win32-x64\jre\17.0.9-win32-x86_64\bin\server\jvm.dll
0x00007ffe64010000 - 0x00007ffe640bf000 	C:\Windows\System32\ADVAPI32.dll
0x00007ffe65270000 - 0x00007ffe6530c000 	C:\Windows\System32\sechost.dll
0x00007ffe65550000 - 0x00007ffe65676000 	C:\Windows\System32\RPCRT4.dll
0x00007ffe62c40000 - 0x00007ffe62c8b000 	C:\Windows\SYSTEM32\POWRPROF.dll
0x00007ffe48100000 - 0x00007ffe48127000 	C:\Windows\SYSTEM32\WINMM.dll
0x00007ffe4d0f0000 - 0x00007ffe4d0f9000 	C:\Windows\SYSTEM32\WSOCK32.dll
0x00007ffe65310000 - 0x00007ffe6537b000 	C:\Windows\System32\WS2_32.dll
0x00007ffe58730000 - 0x00007ffe5873a000 	C:\Windows\SYSTEM32\VERSION.dll
0x00007ffe62ab0000 - 0x00007ffe62ac2000 	C:\Windows\SYSTEM32\UMPDC.dll
0x00007ffe61eb0000 - 0x00007ffe61ec2000 	C:\Windows\SYSTEM32\kernel.appcore.dll
0x00007ffe5b8a0000 - 0x00007ffe5b8aa000 	c:\Users\nihel\.vscode\extensions\redhat.java-1.25.1-win32-x64\jre\17.0.9-win32-x86_64\bin\jimage.dll
0x00007ffe614e0000 - 0x00007ffe616c4000 	C:\Windows\SYSTEM32\DBGHELP.DLL
0x00007ffe4ce80000 - 0x00007ffe4ceb4000 	C:\Windows\SYSTEM32\dbgcore.DLL
0x00007ffe63f50000 - 0x00007ffe63fd2000 	C:\Windows\System32\bcryptPrimitives.dll
0x00007ffe5b510000 - 0x00007ffe5b51e000 	c:\Users\nihel\.vscode\extensions\redhat.java-1.25.1-win32-x64\jre\17.0.9-win32-x86_64\bin\instrument.dll
0x00007ffe4c130000 - 0x00007ffe4c155000 	c:\Users\nihel\.vscode\extensions\redhat.java-1.25.1-win32-x64\jre\17.0.9-win32-x86_64\bin\java.dll
0x00007ffe52470000 - 0x00007ffe52488000 	c:\Users\nihel\.vscode\extensions\redhat.java-1.25.1-win32-x64\jre\17.0.9-win32-x86_64\bin\zip.dll
0x00007ffe65820000 - 0x00007ffe65f64000 	C:\Windows\System32\SHELL32.dll
0x00007ffe616f0000 - 0x00007ffe61e8b000 	C:\Windows\SYSTEM32\windows.storage.dll
0x00007ffe64ba0000 - 0x00007ffe64ef4000 	C:\Windows\System32\combase.dll
0x00007ffe630d0000 - 0x00007ffe630fd000 	C:\Windows\SYSTEM32\Wldp.dll
0x00007ffe65140000 - 0x00007ffe651ed000 	C:\Windows\System32\SHCORE.dll
0x00007ffe64f00000 - 0x00007ffe64f55000 	C:\Windows\System32\shlwapi.dll
0x00007ffe635c0000 - 0x00007ffe635e5000 	C:\Windows\SYSTEM32\profapi.dll
0x00007ffe4ee20000 - 0x00007ffe4ee39000 	C:\Users\nihel\.vscode\extensions\redhat.java-1.25.1-win32-x64\jre\17.0.9-win32-x86_64\bin\net.dll
0x00007ffe5b670000 - 0x00007ffe5b77a000 	C:\Windows\SYSTEM32\WINHTTP.dll
0x00007ffe62e30000 - 0x00007ffe62e9a000 	C:\Windows\system32\mswsock.dll
0x00007ffe4c110000 - 0x00007ffe4c126000 	C:\Users\nihel\.vscode\extensions\redhat.java-1.25.1-win32-x64\jre\17.0.9-win32-x86_64\bin\nio.dll
0x00007ffe59980000 - 0x00007ffe59990000 	c:\Users\nihel\.vscode\extensions\redhat.java-1.25.1-win32-x64\jre\17.0.9-win32-x86_64\bin\verify.dll

dbghelp: loaded successfully - version: 4.0.5 - missing functions: none
symbol engine: initialized successfully - sym options: 0x614 - pdb path: .;c:\Users\nihel\.vscode\extensions\redhat.java-1.25.1-win32-x64\jre\17.0.9-win32-x86_64\bin;C:\Windows\SYSTEM32;C:\Windows\WinSxS\amd64_microsoft.windows.common-controls_6595b64144ccf1df_6.0.19041.3636_none_60b6a03d71f818d5;c:\Users\nihel\.vscode\extensions\redhat.java-1.25.1-win32-x64\jre\17.0.9-win32-x86_64\bin\server

VM Arguments:
jvm_args: --add-modules=ALL-SYSTEM --add-opens=java.base/java.util=ALL-UNNAMED --add-opens=java.base/java.lang=ALL-UNNAMED --add-opens=java.base/sun.nio.fs=ALL-UNNAMED -Declipse.application=org.eclipse.jdt.ls.core.id1 -Dosgi.bundles.defaultStartLevel=4 -Declipse.product=org.eclipse.jdt.ls.core.product -Djava.import.generatesMetadataFilesAtProjectRoot=false -DDetectVMInstallationsJob.disabled=true -Dfile.encoding=utf8 -XX:+UseParallelGC -XX:GCTimeRatio=4 -XX:AdaptiveSizePolicyWeight=90 -Dsun.zip.disableMemoryMapping=true -Xmx1G -Xms100m -Xlog:disable -javaagent:c:\Users\nihel\.vscode\extensions\redhat.java-1.25.1-win32-x64\lombok\lombok-1.18.30.jar 
java_command: c:\Users\nihel\.vscode\extensions\redhat.java-1.25.1-win32-x64\server\plugins\org.eclipse.equinox.launcher_1.6.600.v20231106-1826.jar -configuration c:\Users\nihel\AppData\Roaming\Code\User\globalStorage\redhat.java\1.25.1\config_ss_win -data c:\Users\nihel\AppData\Roaming\Code\User\workspaceStorage\bc1a31112903e89ee73cd821e13cf18e\redhat.java\ss_ws --stdio
java_class_path (initial): c:\Users\nihel\.vscode\extensions\redhat.java-1.25.1-win32-x64\server\plugins\org.eclipse.equinox.launcher_1.6.600.v20231106-1826.jar
Launcher Type: SUN_STANDARD

[Global flags]
    uintx AdaptiveSizePolicyWeight                 = 90                                        {product} {command line}
     intx CICompilerCount                          = 4                                         {product} {ergonomic}
    uintx GCTimeRatio                              = 4                                         {product} {command line}
   size_t InitialHeapSize                          = 104857600                                 {product} {command line}
   size_t MaxHeapSize                              = 1073741824                                {product} {command line}
   size_t MaxNewSize                               = 357564416                                 {product} {ergonomic}
   size_t MinHeapDeltaBytes                        = 524288                                    {product} {ergonomic}
   size_t MinHeapSize                              = 104857600                                 {product} {command line}
   size_t NewSize                                  = 34603008                                  {product} {ergonomic}
    uintx NonNMethodCodeHeapSize                   = 5839372                                {pd product} {ergonomic}
    uintx NonProfiledCodeHeapSize                  = 122909434                              {pd product} {ergonomic}
   size_t OldSize                                  = 70254592                                  {product} {ergonomic}
    uintx ProfiledCodeHeapSize                     = 122909434                              {pd product} {ergonomic}
    uintx ReservedCodeCacheSize                    = 251658240                              {pd product} {ergonomic}
     bool SegmentedCodeCache                       = true                                      {product} {ergonomic}
   size_t SoftMaxHeapSize                          = 1073741824                             {manageable} {ergonomic}
     bool UseCompressedClassPointers               = true                           {product lp64_product} {ergonomic}
     bool UseCompressedOops                        = true                           {product lp64_product} {ergonomic}
     bool UseLargePagesIndividualAllocation        = false                                  {pd product} {ergonomic}
     bool UseParallelGC                            = true                                      {product} {command line}

Logging:
Log output configuration:
 #0: stdout all=off uptime,level,tags
 #1: stderr all=off uptime,level,tags

Environment Variables:
JAVA_HOME=C:\Program Files\Java\jdk-17
PATH=C:\Program Files\Common Files\Oracle\Java\javapath;C:\Windows\system32;C:\Windows;C:\Windows\System32\Wbem;C:\Windows\System32\WindowsPowerShell\v1.0\;C:\Windows\System32\OpenSSH\;C:\Program Files\Git\cmd;C:\composer;C:\ProgramData\chocolatey\bin;C:\Users\nihel\Downloads\apache-maven-3.8.6-bin\apache-maven-3.8.6\bin;C:\Program Files\Java\jdk-17;C:\Program Files (x86)\dotnet\;C:\Program Files\nodejs\;C:\Program Files\Docker\Docker\resources\bin;C:\Program Files\MySQL\MySQL Shell 8.0\bin\;C:\Users\nihel\AppData\Local\Microsoft\WindowsApps;C:\Users\nihel\AppData\Roaming\Composer\vendor\bin;C:\Users\nihel\AppData\Local\Programs\Microsoft VS Code\bin;C:\Users\nihel\Downloads\apache-maven-3.8.6-bin\bin;C:\Users\nihel\Downloads\apache-maven-3.8.6-bin\apache-maven-3.8.6\bin;C:\Users\nihel\AppData\Local\Packages\PythonSoftwareFoundation.Python.3.10_qbz5n2kfra8p0\LocalCache\local-packages\Python310\Scripts;C:\src\flutter\flutter\bin;C:\Program Files\JetBrains\IntelliJ IDEA 2023.1\bin;;C:\Users\nihel\AppData\Roaming\npm
USERNAME=nihel
OS=Windows_NT
PROCESSOR_IDENTIFIER=Intel64 Family 6 Model 140 Stepping 1, GenuineIntel
TMP=C:\Users\nihel\AppData\Local\Temp
TEMP=C:\Users\nihel\AppData\Local\Temp



Periodic native trim disabled


---------------  S Y S T E M  ---------------

OS:
 Windows 10 , 64 bit Build 19041 (10.0.19041.3636)
OS uptime: 16 days 5:44 hours
Hyper-V role detected

CPU: total 8 (initial active 8) (4 cores per cpu, 2 threads per core) family 6 model 140 stepping 1 microcode 0x9a, cx8, cmov, fxsr, ht, mmx, 3dnowpref, sse, sse2, sse3, ssse3, sse4.1, sse4.2, popcnt, lzcnt, tsc, tscinvbit, avx, avx2, aes, erms, clmul, bmi1, bmi2, adx, avx512f, avx512dq, avx512cd, avx512bw, avx512vl, sha, fma, vzeroupper, avx512_vpopcntdq, avx512_vpclmulqdq, avx512_vaes, avx512_vnni, clflush, clflushopt, clwb, avx512_vbmi2, avx512_vbmi, hv
Processor Information for all 8 processors :
  Max Mhz: 2803, Current Mhz: 2803, Mhz Limit: 2803

Memory: 4k page, system-wide physical 16075M (252M free)
TotalPageFile size 65227M (AvailPageFile size 5M)
current process WorkingSet (physical memory assigned to process): 68M, peak: 68M
current process commit charge ("private bytes"): 197M, peak: 197M

vm_info: OpenJDK 64-Bit Server VM (17.0.9+9) for windows-amd64 JRE (17.0.9+9), built on Oct 26 2023 14:01:42 by "admin" with MS VC++ 16.10 / 16.11 (VS2019)

END.
